"QUERY PLAN"
"Gather Merge  (cost=1505813.23..3158730.36 rows=14166872 width=55) (actual time=9621.824..13488.480 rows=16971667 loops=1)"
"  Workers Planned: 2"
"  Workers Launched: 2"
"  ->  Sort  (cost=1504813.20..1522521.79 rows=7083436 width=55) (actual time=9492.646..10397.541 rows=5657222 loops=3)"
"        Sort Key: person.city_id"
"        Sort Method: external merge  Disk: 386240kB"
"        Worker 0:  Sort Method: external merge  Disk: 376264kB"
"        Worker 1:  Sort Method: external merge  Disk: 372944kB"
"        ->  Hash Join  (cost=18.50..214634.22 rows=7083436 width=55) (actual time=146.802..3947.501 rows=5657222 loops=3)"
"              Hash Cond: (person.city_id = city.city_id)"
"              ->  Parallel Seq Scan on person  (cost=0.00..195890.36 rows=7083436 width=32) (actual time=0.368..2631.384 rows=5666667 loops=3)"
"              ->  Hash  (cost=11.00..11.00 rows=600 width=23) (actual time=146.369..146.379 rows=600 loops=3)"
"                    Buckets: 1024  Batches: 1  Memory Usage: 43kB"
"                    ->  Seq Scan on city  (cost=0.00..11.00 rows=600 width=23) (actual time=0.019..0.062 rows=600 loops=3)"
"Planning Time: 2.772 ms"
"JIT:"
"  Functions: 30"
"  Options: Inlining true, Optimization true, Expressions true, Deforming true"
"  Timing: Generation 7.985 ms, Inlining 195.804 ms, Optimization 125.889 ms, Emission 117.084 ms, Total 446.762 ms"
"Execution Time: 14095.377 ms"
